1701700037044:start -n Activity_1
1701700184056:stop -n Activity_2
1701700207371:stop
1701793644749:export -f csv -p C:\\Users\\F\\Desktop\\outputAgile.csv
1701793894582:export -f csv -p D:\\\nabc.csv
1701793943837:export -f json -p D:\\abc.json
1701861161261:start -n activty_1
1701861174976:stop
1701861217415:start -n activity_1
1701861233796:stop
1701861243116:start -n ac2
1701861253281:stop
1701861270259:start -n ac3
1701861287116:stop
1701861295469:start -n ac2
1701861309220:stop
1701861463960:export -f -p csv D:\\aglie.csv
1701861544436:export -f csv -p D:\\aglie.csv
1701861692518:import -f csv -p D:\\aglie.csv
1701863738555:import -f csv -p D:\\aglie
1701863785244:import -f csv -p D:\\aglie.csv
1702048166852:import -f csv -p D:\\agile.csv
1702048198309:import -f csv -p D:\\aglie.csv
1702291368799:export -f csv -s C:\\Users\\F\\IdeaProjects\\AgileCLIProject\\my_logs.txt -d D:\\exports\\export_data.csv
1702291451940:export -f csv -s "C:\\Users\\F\\IdeaProjects\\AgileCLIProject\\my_logs.txt" -d "D:\\exports\\export_data.csv"
1702291554122:export -f csv -s "C:\\\\Users\\\\F\\\\IdeaProjects\\\\AgileCLIProject\\\\my_logs.txt" -d "D:\\\\exports\\\\export_data.csv"
1702297707635:help
1702298770121:export -f json -s "C:\\\\Users\\\\F\\\\IdeaProjects\\\\AgileCLIProject\\\\my_logs.txt" -d "C:\\\\Users\\\\F\\\\IdeaProjects\\\\AgileCLIProject\\\\test.json"
1702391489114:start -n 1
1702391514131:start -n 2
1702391526585:stop
1702391731984:export -f json -d "D:\\testex\\a1.json"
1702391789507:export -f json -d "D:\\\\testex\\\\a1.json"
1702391818985:export -f csv -d "D:\\\\testex\\\\a1.csv"
1702391875603:import -f json -p "D:\\\\testex\\\\a1.json"
